<?xml version="1.0" encoding="UTF-8"?>
<!-- Generated by org.testng.reporters.JUnitReportReporter -->
<testsuite hostname="DESKTOP-N2PLT4O" failures="0" tests="16" name="AutomationSimiFainalproject.AutomationSimiFainalproject.AppTest" time="1.721" errors="1" timestamp="2025-04-30T15:34:47 EET" skipped="15">
  <testcase classname="AutomationSimiFainalproject.AutomationSimiFainalproject.AppTest" name="mySetup" time="1.721">
    <error message="no such window: target window already closed
from unknown error: web view not found
  (Session info: chrome=135.0.7049.115)
Build info: version: &#039;4.31.0&#039;, revision: &#039;1ef9f18787*&#039;
System info: os.name: &#039;Windows 11&#039;, os.arch: &#039;amd64&#039;, os.version: &#039;10.0&#039;, java.version: &#039;21.0.6&#039;
Driver info: org.openqa.selenium.chrome.ChromeDriver
Command: [8898c151d108c868bc32dd395cb14052, maximizeCurrentWindow {}]
Capabilities {acceptInsecureCerts: false, browserName: chrome, browserVersion: 135.0.7049.115, chrome: {chromedriverVersion: 135.0.7049.114 (63fd8a7d9d0..., userDataDir: C:\Users\user\AppData\Local...}, fedcm:accounts: true, goog:chromeOptions: {debuggerAddress: localhost:58377}, networkConnectionEnabled: false, pageLoadStrategy: normal, platformName: windows, proxy: Proxy(), se:cdp: ws://localhost:58377/devtoo..., se:cdpVersion: 135.0.7049.115, setWindowRect: true, strictFileInteractability: false, timeouts: {implicit: 0, pageLoad: 300000, script: 30000}, unhandledPromptBehavior: dismiss and notify, webauthn:extension:credBlob: true, webauthn:extension:largeBlob: true, webauthn:extension:minPinLength: true, webauthn:extension:prf: true, webauthn:virtualAuthenticators: true}
Session ID: 8898c151d108c868bc32dd395cb14052" type="org.openqa.selenium.NoSuchWindowException">
      <![CDATA[org.openqa.selenium.NoSuchWindowException: no such window: target window already closed
from unknown error: web view not found
  (Session info: chrome=135.0.7049.115)
Build info: version: '4.31.0', revision: '1ef9f18787*'
System info: os.name: 'Windows 11', os.arch: 'amd64', os.version: '10.0', java.version: '21.0.6'
Driver info: org.openqa.selenium.chrome.ChromeDriver
Command: [8898c151d108c868bc32dd395cb14052, maximizeCurrentWindow {}]
Capabilities {acceptInsecureCerts: false, browserName: chrome, browserVersion: 135.0.7049.115, chrome: {chromedriverVersion: 135.0.7049.114 (63fd8a7d9d0..., userDataDir: C:\Users\user\AppData\Local...}, fedcm:accounts: true, goog:chromeOptions: {debuggerAddress: localhost:58377}, networkConnectionEnabled: false, pageLoadStrategy: normal, platformName: windows, proxy: Proxy(), se:cdp: ws://localhost:58377/devtoo..., se:cdpVersion: 135.0.7049.115, setWindowRect: true, strictFileInteractability: false, timeouts: {implicit: 0, pageLoad: 300000, script: 30000}, unhandledPromptBehavior: dismiss and notify, webauthn:extension:credBlob: true, webauthn:extension:largeBlob: true, webauthn:extension:minPinLength: true, webauthn:extension:prf: true, webauthn:virtualAuthenticators: true}
Session ID: 8898c151d108c868bc32dd395cb14052
at java.base/jdk.internal.reflect.DirectConstructorHandleAccessor.newInstance(DirectConstructorHandleAccessor.java:62)
at java.base/java.lang.reflect.Constructor.newInstanceWithCaller(Constructor.java:502)
at java.base/java.lang.reflect.Constructor.newInstance(Constructor.java:486)
at org.openqa.selenium.remote.ErrorCodec.decode(ErrorCodec.java:167)
at org.openqa.selenium.remote.codec.w3c.W3CHttpResponseCodec.decode(W3CHttpResponseCodec.java:138)
at org.openqa.selenium.remote.codec.w3c.W3CHttpResponseCodec.decode(W3CHttpResponseCodec.java:50)
at org.openqa.selenium.remote.HttpCommandExecutor.execute(HttpCommandExecutor.java:215)
at org.openqa.selenium.remote.service.DriverCommandExecutor.invokeExecute(DriverCommandExecutor.java:216)
at org.openqa.selenium.remote.service.DriverCommandExecutor.execute(DriverCommandExecutor.java:174)
at org.openqa.selenium.remote.RemoteWebDriver.execute(RemoteWebDriver.java:545)
at org.openqa.selenium.remote.RemoteWebDriver.execute(RemoteWebDriver.java:618)
at org.openqa.selenium.remote.RemoteWebDriver.execute(RemoteWebDriver.java:622)
at org.openqa.selenium.remote.RemoteWebDriver$RemoteWebDriverOptions$RemoteWindow.maximize(RemoteWebDriver.java:1067)
at AutomationSimiFainalproject.AutomationSimiFainalproject.AppTest.mySetup(AppTest.java:31)
at java.base/jdk.internal.reflect.DirectMethodHandleAccessor.invoke(DirectMethodHandleAccessor.java:103)
at java.base/java.lang.reflect.Method.invoke(Method.java:580)
at org.testng.internal.invokers.MethodInvocationHelper.invokeMethod(MethodInvocationHelper.java:141)
at org.testng.internal.invokers.MethodInvocationHelper.invokeMethodConsideringTimeout(MethodInvocationHelper.java:71)
at org.testng.internal.invokers.ConfigInvoker.invokeConfigurationMethod(ConfigInvoker.java:400)
at org.testng.internal.invokers.ConfigInvoker.invokeConfigurations(ConfigInvoker.java:333)
at org.testng.TestRunner.invokeTestConfigurations(TestRunner.java:657)
at org.testng.TestRunner.beforeRun(TestRunner.java:646)
at org.testng.TestRunner.run(TestRunner.java:612)
at org.testng.SuiteRunner.runTest(SuiteRunner.java:421)
at org.testng.SuiteRunner.runSequentially(SuiteRunner.java:413)
at org.testng.SuiteRunner.privateRun(SuiteRunner.java:373)
at org.testng.SuiteRunner.run(SuiteRunner.java:312)
at org.testng.SuiteRunnerWorker.runSuite(SuiteRunnerWorker.java:52)
at org.testng.SuiteRunnerWorker.run(SuiteRunnerWorker.java:95)
at org.testng.TestNG.runSuitesSequentially(TestNG.java:1274)
at org.testng.TestNG.runSuitesLocally(TestNG.java:1208)
at org.testng.TestNG.runSuites(TestNG.java:1112)
at org.testng.TestNG.run(TestNG.java:1079)
at org.testng.remote.AbstractRemoteTestNG.run(AbstractRemoteTestNG.java:115)
at org.testng.remote.RemoteTestNG.initAndRun(RemoteTestNG.java:293)
at org.testng.remote.RemoteTestNG.main(RemoteTestNG.java:91)
]]>
    </error>
  </testcase> <!-- mySetup -->
  <testcase classname="AutomationSimiFainalproject.AutomationSimiFainalproject.AppTest" name="RadioButton" time="0.000">
    <skipped/>
  </testcase> <!-- RadioButton -->
  <testcase classname="AutomationSimiFainalproject.AutomationSimiFainalproject.AppTest" name="Switch_Tab_Example">
    <skipped/>
  </testcase> <!-- Switch_Tab_Example -->
  <testcase classname="AutomationSimiFainalproject.AutomationSimiFainalproject.AppTest" name="HideAndShow">
    <skipped/>
  </testcase> <!-- HideAndShow -->
  <testcase classname="AutomationSimiFainalproject.AutomationSimiFainalproject.AppTest" name="Window_Example">
    <skipped/>
  </testcase> <!-- Window_Example -->
  <testcase classname="AutomationSimiFainalproject.AutomationSimiFainalproject.AppTest" name="Iframe">
    <skipped/>
  </testcase> <!-- Iframe -->
  <testcase classname="AutomationSimiFainalproject.AutomationSimiFainalproject.AppTest" name="MouseHover">
    <skipped/>
  </testcase> <!-- MouseHover -->
  <testcase classname="AutomationSimiFainalproject.AutomationSimiFainalproject.AppTest" name="autoCompleteTest">
    <skipped/>
  </testcase> <!-- autoCompleteTest -->
  <testcase classname="AutomationSimiFainalproject.AutomationSimiFainalproject.AppTest" name="SelectTag">
    <skipped/>
  </testcase> <!-- SelectTag -->
  <testcase classname="AutomationSimiFainalproject.AutomationSimiFainalproject.AppTest" name="TableTest">
    <skipped/>
  </testcase> <!-- TableTest -->
  <testcase classname="AutomationSimiFainalproject.AutomationSimiFainalproject.AppTest" name="DownloadApp">
    <skipped/>
  </testcase> <!-- DownloadApp -->
  <testcase classname="AutomationSimiFainalproject.AutomationSimiFainalproject.AppTest" name="EnableDisable">
    <skipped/>
  </testcase> <!-- EnableDisable -->
  <testcase classname="AutomationSimiFainalproject.AutomationSimiFainalproject.AppTest" name="CheckBoxTest">
    <skipped/>
  </testcase> <!-- CheckBoxTest -->
  <testcase classname="AutomationSimiFainalproject.AutomationSimiFainalproject.AppTest" name="ConfirmTest">
    <skipped/>
  </testcase> <!-- ConfirmTest -->
  <testcase classname="AutomationSimiFainalproject.AutomationSimiFainalproject.AppTest" name="Calender">
    <skipped/>
  </testcase> <!-- Calender -->
  <testcase classname="AutomationSimiFainalproject.AutomationSimiFainalproject.AppTest" name="AlertTest">
    <skipped/>
  </testcase> <!-- AlertTest -->
</testsuite> <!-- AutomationSimiFainalproject.AutomationSimiFainalproject.AppTest -->
